\BOOKMARK [2][-]{subsection.0.0.1}{\376\377\000R\0001\000:\000\040\000\050\000S\000\051\000-\000l\000a\000c\000t\000a\000t\000e\000\040\000+\000\040\000N\000A\000D\000+\000\040\000=\000\040\000p\000y\000r\000u\000v\000a\000t\000e\000\040\000+\000\040\000N\000A\000D\000H\000\040\000+\000\040\000H\000+}{}% 1
\BOOKMARK [2][-]{subsection.0.0.2}{\376\377\000R\0002\000:\000\040\000A\000c\000-\000a\000l\000d\000e\000h\000y\000d\000e\000\040\000+\000\040\000C\000o\000A\000\040\000+\000\040\000N\000A\000D\000+\000\040\000=\000\040\000A\000c\000-\000C\000o\000A\000\040\000+\000\040\000N\000A\000D\000H\000\040\000+\000\040\000H\000+}{}% 2
\BOOKMARK [2][-]{subsection.0.0.3}{\376\377\000R\0003\000:\000\040\000L\000-\000A\000s\000p\000a\000r\000t\000a\000t\000e\000\040\000+\000\040\0002\000-\000O\000x\000o\000g\000l\000u\000t\000a\000r\000a\000t\000e\000\040\000<\000=\000>\000\040\000O\000x\000a\000l\000o\000a\000c\000e\000t\000a\000t\000e\000\040\000+\000\040\000L\000-\000G\000l\000u\000t\000a\000m\000a\000t\000e}{}% 3
\BOOKMARK [2][-]{subsection.0.0.4}{\376\377\000R\0004\000:\000\040\000A\000c\000y\000l\000-\000C\000o\000A\000\040\000+\000\040\000H\0002\000O\000\040\000<\000=\000>\000\040\000C\000o\000A\000\040\000+\000\040\000C\000a\000r\000b\000o\000x\000y\000l\000a\000t\000e}{}% 4
\BOOKMARK [2][-]{subsection.0.0.5}{\376\377\000R\0005\000:\000\040\000S\000A\000M\000\040\000+\000\040\000C\000O\0002\000\040\000=\000\040\000S\000A\000M\000-\000C\000O\0002\000H}{}% 5
\BOOKMARK [2][-]{subsection.0.0.6}{\376\377\000R\0006\000:\000\040\000L\000-\000m\000a\000l\000a\000t\000e\000\040\000=\000\040\000f\000u\000m\000a\000r\000a\000t\000e\000\040\000+\000\040\000H\0002\000O}{}% 6
\BOOKMARK [2][-]{subsection.0.0.7}{\376\377\000R\0007\000:\000\040\000L\000a\000c\000t\000o\000y\000l\000-\000C\000o\000A\000\040\000<\000=\000>\000\040\000P\000r\000o\000p\000e\000n\000o\000y\000l\000-\000C\000o\000A\000\040\000+\000\040\000H\0002\000O}{}% 7
\BOOKMARK [2][-]{subsection.0.0.8}{\376\377\000R\0008\000:\000\040\000L\000-\000A\000s\000p\000a\000r\000t\000a\000t\000e\000\040\000<\000=\000>\000\040\000F\000u\000m\000a\000r\000a\000t\000e\000\040\000+\000\040\000A\000m\000m\000o\000n\000i\000a}{}% 8
\BOOKMARK [2][-]{subsection.0.0.9}{\376\377\000R\0009\000:\000\040\000L\000-\000l\000y\000s\000i\000n\000e\000\040\000=\000\040\000\050\0003\000S\000\051\000-\0003\000,\0006\000-\000d\000i\000a\000m\000i\000n\000o\000h\000e\000x\000a\000n\000o\000a\000t\000e}{}% 9
\BOOKMARK [2][-]{subsection.0.0.10}{\376\377\000R\0001\0000\000:\000\040\000A\000T\000P\000\040\000+\000\040\000A\000c\000e\000t\000a\000t\000e\000\040\000+\000\040\000C\000o\000A\000\040\000<\000=\000>\000\040\000A\000M\000P\000\040\000+\000\040\000P\000P\000i\000\040\000+\000\040\000A\000c\000-\000C\000o\000A}{}% 10
\BOOKMARK [2][-]{subsection.0.0.11}{\376\377\000R\0001\0001\000:\000\040\000A\000T\000P\000\040\000+\000\040\000A\000c\000-\000C\000o\000A\000\040\000+\000\040\000H\000C\000O\0003\000-\000\040\000=\000\040\000A\000D\000P\000\040\000+\000\040\000m\000a\000l\000o\000n\000y\000l\000-\000C\000o\000A\000\040\000+\000\040\000P\000i}{}% 11
\BOOKMARK [2][-]{subsection.0.0.12}{\376\377\000L\000-\000g\000l\000u\000t\000a\000m\000a\000t\000e\000\040\000+\000\040\000N\000A\000D\000+\000\040\000+\000\040\000H\0002\000O\000\040\000=\000\040\0002\000-\000o\000x\000o\000g\000l\000u\000t\000a\000r\000a\000t\000e\000\040\000+\000\040\000N\000A\000D\000H\000\040\000+\000\040\000N\000H\0003\000\040\000\173\000i\000r\000\175\000|\000|\000\040\000e\000c\000\040\000n\000u\000m\000:\0001\000.\0004\000.\0001\000.\0002}{}% 12
\BOOKMARK [2][-]{subsection.0.0.13}{\376\377\000p\000y\000r\000u\000v\000a\000t\000e\000\040\000=\000\040\000a\000c\000e\000t\000a\000l\000d\000e\000h\000y\000d\000e\000\040\000+\000\040\000C\000O\0002\000\040\000\173\000r\000\175\000|\000|\000\040\000e\000c\000\040\000n\000u\000m\000:\000\040\0004\000.\0001\000.\0001\000.\0001}{}% 13
\BOOKMARK [2][-]{subsection.0.0.14}{\376\377\000c\000e\000l\000l\000o\000b\000i\000o\000s\000e\000\040\000+\000\040\000p\000h\000o\000s\000p\000h\000a\000t\000e\000\040\000=\000\040\000a\000l\000p\000h\000a\000-\000D\000-\000g\000l\000u\000c\000o\000s\000e\000\040\0001\000-\000p\000h\000o\000s\000p\000h\000a\000t\000e\000\040\000+\000\040\000D\000-\000g\000l\000u\000c\000o\000s\000e}{}% 14
\BOOKMARK [2][-]{subsection.0.0.15}{\376\377\000A\000T\000P\000+\000g\000l\000u\000c\000o\000s\000e\000=\000\040\000A\000D\000P\000+\000G\000l\000u\000c\000o\000s\000e\000\040\0006\000-\000p\000h\000o\000s\000p\000h\000a\000t\000e}{}% 15
\BOOKMARK [2][-]{subsection.0.0.16}{\376\377\000a\000l\000p\000h\000a\000-\000D\000-\000g\000l\000u\000c\000o\000s\000e\000\040\0001\000-\000p\000h\000o\000s\000p\000h\000a\000t\000e\000\040\000=\000\040\000D\000-\000g\000l\000u\000c\000o\000s\000e\000\040\0006\000-\000p\000h\000o\000s\000p\000h\000a\000t\000e}{}% 16
\BOOKMARK [2][-]{subsection.0.0.17}{\376\377\000D\000-\000G\000l\000u\000c\000o\000s\000e\000\040\0006\000-\000p\000h\000o\000s\000p\000h\000a\000t\000e\000\040\000=\000\040\000L\000-\000m\000y\000o\000-\000I\000n\000o\000s\000i\000t\000o\000l\000\040\0001\000-\000p\000h\000o\000s\000p\000h\000a\000t\000e}{}% 17
\BOOKMARK [2][-]{subsection.0.0.18}{\376\377\000i\000n\000o\000s\000i\000t\000o\000l\000\040\0001\000-\000p\000h\000o\000s\000p\000h\000a\000t\000e\000\040\000+\000\040\000H\0002\000O\000\040\000=\000\040\000m\000y\000o\000-\000i\000n\000o\000s\000i\000t\000o\000l\000\040\000+\000\040\000p\000h\000o\000s\000p\000h\000a\000t\000e}{}% 18
\BOOKMARK [2][-]{subsection.0.0.19}{\376\377\000g\000l\000u\000c\000o\000s\000e\000=\000\040\000D\000-\000G\000l\000u\000c\000o\000s\000e}{}% 19
\BOOKMARK [2][-]{subsection.0.0.20}{\376\377\000D\000G\000\040\000H\000y\000p\000e\000r\000,\000\040\000d\000g\000\137\0000}{}% 20
