This is pdfTeX, Version 3.141592653-2.6-1.40.25 (TeX Live 2023/Fedora 40) (preloaded format=commonPreamble 2024.8.5)  27 AUG 2024 15:39
entering extended mode
 restricted \write18 enabled.
 %&-line parsing enabled.
**\newcommand{\modPrefix}{/home/talax/xtof/local/Mod/bin/..}\newcommand{\modFig
ureInput}{out/023_dg_3_11100.tex}\input{\modPrefix/share/mod/figureTemplate.tex
}

(/home/talax/xtof/local/Mod/bin/../share/mod/figureTemplate.tex
(/usr/share/texlive/texmf-dist/tex/latex/preview/preview.sty
Package: preview 2024/01/17 13.3 (AUCTeX/preview-latex)

(/usr/share/texlive/texmf-dist/tex/generic/luatex85/luatex85.sty
Package: luatex85 2016/06/15 v1.4 pdftex aliases for luatex
)
(/usr/share/texlive/texmf-dist/tex/latex/preview/prtightpage.def
\PreviewBorder=\dimen306
)
\pr@snippet=\count348
\pr@box=\box95
\pr@output=\toks46
)
(/usr/share/texlive/texmf-dist/tex/latex/l3backend/l3backend-pdftex.def
File: l3backend-pdftex.def 2023-01-16 L3 backend support: PDF output (pdfTeX)
\l__color_backend_stack_int=\count349
\l__pdf_internal_box=\box96
)
No file out/023_dg_3_11100.aux.
\openout1 = `out/023_dg_3_11100.aux'.

LaTeX Font Info:    Checking defaults for OML/cmm/m/it on input line 13.
LaTeX Font Info:    ... okay on input line 13.
LaTeX Font Info:    Checking defaults for OMS/cmsy/m/n on input line 13.
LaTeX Font Info:    ... okay on input line 13.
LaTeX Font Info:    Checking defaults for OT1/cmr/m/n on input line 13.
LaTeX Font Info:    ... okay on input line 13.
LaTeX Font Info:    Checking defaults for T1/cmr/m/n on input line 13.
LaTeX Font Info:    ... okay on input line 13.
LaTeX Font Info:    Checking defaults for TS1/cmr/m/n on input line 13.
LaTeX Font Info:    ... okay on input line 13.
LaTeX Font Info:    Checking defaults for OMX/cmex/m/n on input line 13.
LaTeX Font Info:    ... okay on input line 13.
LaTeX Font Info:    Checking defaults for U/cmr/m/n on input line 13.
LaTeX Font Info:    ... okay on input line 13.
LaTeX Font Info:    Checking defaults for PD1/pdf/m/n on input line 13.
LaTeX Font Info:    ... okay on input line 13.
LaTeX Font Info:    Checking defaults for PU/pdf/m/n on input line 13.
LaTeX Font Info:    ... okay on input line 13.
(/usr/share/texlive/texmf-dist/tex/context/base/mkii/supp-pdf.mkii
[Loading MPS to PDF converter (version 2006.09.02).]
\scratchcounter=\count350
\scratchdimen=\dimen307
\scratchbox=\box97
\nofMPsegments=\count351
\nofMParguments=\count352
\everyMPshowfont=\toks47
\MPscratchCnt=\count353
\MPscratchDim=\dimen308
\MPnumerator=\count354
\makeMPintoPDFobject=\count355
\everyMPtoPDFconversion=\toks48
) (/usr/share/texlive/texmf-dist/tex/latex/epstopdf-pkg/epstopdf-base.sty
Package: epstopdf-base 2020-01-24 v2.11 Base part for package epstopdf

(/usr/share/texlive/texmf-dist/tex/latex/grfext/grfext.sty
Package: grfext 2019/12/03 v1.3 Manage graphics extensions (HO)
)
Package epstopdf-base Info: Redefining graphics rule for `.eps' on input line 4
85.
Package grfext Info: Graphics extension search list:
(grfext)             [.pdf,.png,.jpg,.mps,.jpeg,.jbig2,.jb2,.PDF,.PNG,.JPG,.JPE
G,.JBIG2,.JB2,.eps]
(grfext)             \AppendGraphicsExtensions on input line 504.

(/usr/share/texlive/texmf-dist/tex/latex/latexconfig/epstopdf-sys.cfg
File: epstopdf-sys.cfg 2010/07/13 v1.3 Configuration of (r)epstopdf for TeX Liv
e
))
Package hyperref Info: Link coloring OFF on input line 13.
\@outlinefile=\write5
\openout5 = `out/023_dg_3_11100.out'.


(/usr/share/texlive/texmf-dist/tex/latex/translations/translations-basic-dictio
nary-english.trsl
File: translations-basic-dictionary-english.trsl (english translation file `tra
nslations-basic-dictionary')
)
Package translations Info: loading dictionary `translations-basic-dictionary' f
or `english'. on input line 13.
Package caption Info: Begin \AtBeginDocument code.
Package caption Info: End \AtBeginDocument code.


Package pgfplots Warning: running in backwards compatibility mode (unsuitable t
ick labels; missing features). Consider writing \pgfplotsset{compat=1.18} into 
your preamble.
 on input line 13.

Preview: Fontsize 12pt
Preview: PDFoutput 1
(./out/023_dg_3_11100.tex (./out/020_dg_3_11100_coord.tex)
<./out/006_g_2_11311100.pdf, id=32, 90.0143pt x 77.85487pt>
File: ./out/006_g_2_11311100.pdf Graphic file (type pdf)
<use ./out/006_g_2_11311100.pdf>
Package pdftex.def Info: ./out/006_g_2_11311100.pdf  used on input line 4.
(pdftex.def)             Requested size: 67.51054pt x 58.391pt.
LaTeX Font Info:    Trying to load font information for U+msa on input line 4.

(/usr/share/texlive/texmf-dist/tex/latex/amsfonts/umsa.fd
File: umsa.fd 2013/01/14 v3.01 AMS symbols A
)
LaTeX Font Info:    Trying to load font information for U+msb on input line 4.

(/usr/share/texlive/texmf-dist/tex/latex/amsfonts/umsb.fd
File: umsb.fd 2013/01/14 v3.01 AMS symbols B
)
<./out/008_g_3_11311100.pdf, id=33, 268.94778pt x 163.26193pt>
File: ./out/008_g_3_11311100.pdf Graphic file (type pdf)
<use ./out/008_g_3_11311100.pdf>
Package pdftex.def Info: ./out/008_g_3_11311100.pdf  used on input line 6.
(pdftex.def)             Requested size: 201.71033pt x 122.44614pt.
<./out/010_g_4_11311100.pdf, id=34, 220.15549pt x 162.03535pt>
File: ./out/010_g_4_11311100.pdf Graphic file (type pdf)
<use ./out/010_g_4_11311100.pdf>
Package pdftex.def Info: ./out/010_g_4_11311100.pdf  used on input line 8.
(pdftex.def)             Requested size: 165.1162pt x 121.5262pt.
<./out/012_g_5_11311100.pdf, id=35, 150.60365pt x 163.26193pt>
File: ./out/012_g_5_11311100.pdf Graphic file (type pdf)
<use ./out/012_g_5_11311100.pdf>
Package pdftex.def Info: ./out/012_g_5_11311100.pdf  used on input line 10.
(pdftex.def)             Requested size: 112.95245pt x 122.44614pt.
<./out/004_g_1_11311100.pdf, id=36, 90.00024pt x 77.84181pt>
File: ./out/004_g_1_11311100.pdf Graphic file (type pdf)
<use ./out/004_g_1_11311100.pdf>
Package pdftex.def Info: ./out/004_g_1_11311100.pdf  used on input line 12.
(pdftex.def)             Requested size: 67.5pt x 58.3812pt.
<./out/016_g_20_11311100.pdf, id=37, 41.34346pt x 9.5286pt>
File: ./out/016_g_20_11311100.pdf Graphic file (type pdf)
<use ./out/016_g_20_11311100.pdf>
Package pdftex.def Info: ./out/016_g_20_11311100.pdf  used on input line 14.
(pdftex.def)             Requested size: 31.00749pt x 7.14641pt.
<./out/018_g_21_11311100.pdf, id=38, 214.35283pt x 146.18013pt>
File: ./out/018_g_21_11311100.pdf Graphic file (type pdf)
<use ./out/018_g_21_11311100.pdf>
Package pdftex.def Info: ./out/018_g_21_11311100.pdf  used on input line 16.
(pdftex.def)             Requested size: 160.76422pt x 109.63481pt.
<./out/002_g_0_11311100.pdf, id=39, 26.44781pt x 10.56245pt>
File: ./out/002_g_0_11311100.pdf Graphic file (type pdf)
<use ./out/002_g_0_11311100.pdf>
Package pdftex.def Info: ./out/002_g_0_11311100.pdf  used on input line 18.
(pdftex.def)             Requested size: 19.8358pt x 7.92181pt.
<./out/022_g_32_11311100.pdf, id=40, 243.93834pt x 146.15404pt>
File: ./out/022_g_32_11311100.pdf Graphic file (type pdf)
<use ./out/022_g_32_11311100.pdf>
Package pdftex.def Info: ./out/022_g_32_11311100.pdf  used on input line 20.
(pdftex.def)             Requested size: 182.95331pt x 109.61525pt.
)
Overfull \hbox (1402.3213pt too wide) in paragraph at lines 37--16
[][] 
 []

Preview: Tightpage -32891 -32891 32891 32891
[1{/var/lib/texmf/fonts/map/pdftex/updmap/pdftex.map} <./out/006_g_2_11311100.p
df> <./out/008_g_3_11311100.pdf> <./out/010_g_4_11311100.pdf> <./out/012_g_5_11
311100.pdf> <./out/004_g_1_11311100.pdf> <./out/016_g_20_11311100.pdf> <./out/0
18_g_21_11311100.pdf> <./out/002_g_0_11311100.pdf> <./out/022_g_32_11311100.pdf
>] (./out/023_dg_3_11100.aux)

LaTeX Warning: Label(s) may have changed. Rerun to get cross-references right.


Package rerunfilecheck Warning: File `out/023_dg_3_11100.out' has changed.
(rerunfilecheck)                Rerun to get outlines right
(rerunfilecheck)                or use package `bookmark'.

Package rerunfilecheck Info: Checksums for `out/023_dg_3_11100.out':
(rerunfilecheck)             Before: <no file>
(rerunfilecheck)             After:  D41D8CD98F00B204E9800998ECF8427E;0.
 ) 
Here is how much of TeX's memory you used:
 1492 strings out of 439484
 37425 string characters out of 4900194
 1864388 words of memory out of 6000000
 59460 multiletter control sequences out of 15000+600000
 516932 words of font info for 50 fonts, out of 8000000 for 9000
 56 hyphenation exceptions out of 8191
 58i,9n,56p,425b,887s stack positions out of 10000i,1000n,20000p,200000b,200000s
</usr/share/texlive/texmf-dist/fonts/type1/public/amsfonts/cm/cmbx12.pfb></us
r/share/texlive/texmf-dist/fonts/type1/public/amsfonts/cm/cmmi8.pfb></usr/share
/texlive/texmf-dist/fonts/type1/public/amsfonts/cm/cmr12.pfb></usr/share/texliv
e/texmf-dist/fonts/type1/public/amsfonts/cm/cmr8.pfb>
Output written on out/023_dg_3_11100.pdf (1 page, 56829 bytes).
PDF statistics:
 108 PDF objects out of 1000 (max. 8388607)
 53 compressed objects within 1 object stream
 1 named destinations out of 1000 (max. 500000)
 154 words of extra memory for PDF output out of 10000 (max. 10000000)

